  test.c
E:\C++\25_11_19\test.c(11,9): warning C4477: “printf”: 格式字符串“%d”需要类型“int”的参数，但可变参数 1 拥有了类型“size_t”
      E:\C++\25_11_19\test.c(11,9):
      请考虑在格式字符串中使用“%zd”
  
E:\C++\25_11_19\test.c(12,9): warning C4477: “printf”: 格式字符串“%d”需要类型“int”的参数，但可变参数 1 拥有了类型“size_t”
      E:\C++\25_11_19\test.c(12,9):
      请考虑在格式字符串中使用“%zd”
  
E:\C++\25_11_19\test.c(15,24): warning C4047: “函数”:“const char *”与“char (*)[6]”的间接级别不同
E:\C++\25_11_19\test.c(15,24): warning C4024: “strlen”: 形参和实参 1 的类型不同
E:\C++\25_11_19\test.c(15,9): warning C4477: “printf”: 格式字符串“%d”需要类型“int”的参数，但可变参数 1 拥有了类型“size_t”
      E:\C++\25_11_19\test.c(15,9):
      请考虑在格式字符串中使用“%zd”
  
E:\C++\25_11_19\test.c(16,29): warning C4047: “函数”:“const char *”与“char (*)[6]”的间接级别不同
E:\C++\25_11_19\test.c(16,29): warning C4024: “strlen”: 形参和实参 1 的类型不同
E:\C++\25_11_19\test.c(16,9): warning C4477: “printf”: 格式字符串“%d”需要类型“int”的参数，但可变参数 1 拥有了类型“size_t”
      E:\C++\25_11_19\test.c(16,9):
      请考虑在格式字符串中使用“%zd”
  
E:\C++\25_11_19\test.c(17,9): warning C4477: “printf”: 格式字符串“%d”需要类型“int”的参数，但可变参数 1 拥有了类型“size_t”
      E:\C++\25_11_19\test.c(17,9):
      请考虑在格式字符串中使用“%zd”
  
  25_11_19.vcxproj -> E:\C++\25_11_19\x64\Debug\25_11_19.exe
